[debug] [2025-05-18T16:24:40.194Z] ----------------------------------------------------------------------
[debug] [2025-05-18T16:24:40.196Z] Command:       /usr/local/share/nvm/versions/node/v20.19.0/bin/node /home/codespace/nvm/current/bin/firebase functions:shell
[debug] [2025-05-18T16:24:40.196Z] CLI Version:   14.4.0
[debug] [2025-05-18T16:24:40.197Z] Platform:      linux
[debug] [2025-05-18T16:24:40.197Z] Node Version:  v20.19.0
[debug] [2025-05-18T16:24:40.197Z] Time:          Sun May 18 2025 16:24:40 GMT+0000 (Coordinated Universal Time)
[debug] [2025-05-18T16:24:40.197Z] Env Overrides: GITHUB_API_URL, GITHUB_API_URL
[debug] [2025-05-18T16:24:40.197Z] ----------------------------------------------------------------------
[debug] 
[debug] [2025-05-18T16:24:40.466Z] > command requires scopes: ["email","openid","https://www.googleapis.com/auth/cloudplatformprojects.readonly","https://www.googleapis.com/auth/firebase","https://www.googleapis.com/auth/cloud-platform"]
[debug] [2025-05-18T16:24:40.467Z] > authorizing via signed-in user (michael.turner.providence@gmail.com)
[debug] [2025-05-18T16:24:40.467Z] [iam] checking project blincyto-tracking-tool for permissions ["firebase.projects.get"]
[debug] [2025-05-18T16:24:40.468Z] Checked if tokens are valid: true, expires at: 1747587904919
[debug] [2025-05-18T16:24:40.468Z] Checked if tokens are valid: true, expires at: 1747587904919
[debug] [2025-05-18T16:24:40.469Z] >>> [apiv2][query] POST https://cloudresourcemanager.googleapis.com/v1/projects/blincyto-tracking-tool:testIamPermissions [none]
[debug] [2025-05-18T16:24:40.469Z] >>> [apiv2][(partial)header] POST https://cloudresourcemanager.googleapis.com/v1/projects/blincyto-tracking-tool:testIamPermissions x-goog-quota-user=projects/blincyto-tracking-tool
[debug] [2025-05-18T16:24:40.469Z] >>> [apiv2][body] POST https://cloudresourcemanager.googleapis.com/v1/projects/blincyto-tracking-tool:testIamPermissions {"permissions":["firebase.projects.get"]}
[debug] [2025-05-18T16:24:40.633Z] <<< [apiv2][status] POST https://cloudresourcemanager.googleapis.com/v1/projects/blincyto-tracking-tool:testIamPermissions 200
[debug] [2025-05-18T16:24:40.633Z] <<< [apiv2][body] POST https://cloudresourcemanager.googleapis.com/v1/projects/blincyto-tracking-tool:testIamPermissions {"permissions":["firebase.projects.get"]}
[debug] [2025-05-18T16:24:40.636Z] [functions] Functions Emulator only supports listening on one address (127.0.0.1). Not listening on ::1
[debug] [2025-05-18T16:24:40.646Z] defaultcredentials: writing to file /home/codespace/.config/firebase/michael_turner.providence_gmail.com_application_default_credentials.json
[debug] [2025-05-18T16:24:40.647Z] DEBUG: Setting GAC to /home/codespace/.config/firebase/michael_turner.providence_gmail.com_application_default_credentials.json
[debug] [2025-05-18T16:24:40.647Z] Checked if tokens are valid: true, expires at: 1747587904919
[debug] [2025-05-18T16:24:40.648Z] Checked if tokens are valid: true, expires at: 1747587904919
[debug] [2025-05-18T16:24:40.648Z] >>> [apiv2][query] GET https://firebase.googleapis.com/v1beta1/projects/blincyto-tracking-tool/adminSdkConfig [none]
[debug] [2025-05-18T16:24:40.862Z] <<< [apiv2][status] GET https://firebase.googleapis.com/v1beta1/projects/blincyto-tracking-tool/adminSdkConfig 200
[debug] [2025-05-18T16:24:40.862Z] <<< [apiv2][body] GET https://firebase.googleapis.com/v1beta1/projects/blincyto-tracking-tool/adminSdkConfig {"projectId":"blincyto-tracking-tool","storageBucket":"blincyto-tracking-tool.firebasestorage.app"}
[debug] [2025-05-18T16:24:40.870Z] [functions] Watching "/workspaces/web-scheduler/functions" for Cloud Functions...
[debug] [2025-05-18T16:24:40.873Z] Validating nodejs source
[debug] [2025-05-18T16:24:41.302Z] > [functions] package.json contents: {
  "name": "functions",
  "description": "Cloud Functions for Firebase",
  "scripts": {
    "lint": "eslint .",
    "serve": "firebase emulators:start --only functions",
    "shell": "firebase functions:shell",
    "start": "npm run shell",
    "deploy": "firebase deploy --only functions",
    "logs": "firebase functions:log"
  },
  "engines": {
    "node": "22"
  },
  "main": "index.js",
  "dependencies": {
    "firebase-admin": "^12.6.0",
    "firebase-functions": "^6.0.1"
  },
  "devDependencies": {
    "eslint": "^8.15.0",
    "eslint-config-google": "^0.14.0",
    "firebase-functions-test": "^3.1.0"
  },
  "private": true
}
[debug] [2025-05-18T16:24:41.302Z] Building nodejs source
[debug] [2025-05-18T16:24:41.302Z] Failed to find version of module node: reached end of search path /workspaces/web-scheduler/functions/node_modules
[warn] ⚠  functions: Your requested "node" version "22" doesn't match your global version "20". Using node@20 from host. 
[debug] [2025-05-18T16:24:41.305Z] Could not find functions.yaml. Must use http discovery
[debug] [2025-05-18T16:24:41.308Z] Found firebase-functions binary at '/workspaces/web-scheduler/functions/node_modules/.bin/firebase-functions'
[info] Serving at port 8674

[debug] [2025-05-18T16:24:41.681Z] Got response from /__/functions.yaml {"endpoints":{"api":{"availableMemoryMb":null,"timeoutSeconds":null,"minInstances":null,"maxInstances":null,"ingressSettings":null,"concurrency":null,"serviceAccountEmail":null,"vpc":null,"platform":"gcfv2","labels":{},"httpsTrigger":{},"entryPoint":"api"}},"specVersion":"v1alpha1","requiredAPIs":[],"extensions":{}}
[debug] [2025-05-18T16:24:45.105Z] Functions emulator received unknown request at path /
[debug] [2025-05-18T16:24:45.234Z] Functions emulator received unknown request at path /favicon.ico
[debug] [2025-05-18T16:24:45.702Z] [functions] Loaded functions definitions from source: api.
[debug] [2025-05-18T16:24:45.703Z] [functions[us-central1-api]] http function initialized (http://127.0.0.1:5000/blincyto-tracking-tool/us-central1/api).
[info] i  functions: Loaded functions: api 
[warn] ⚠  functions: The following emulators are not running, calls to these services will affect production: firestore, database, pubsub, storage, eventarc, tasks 
